;IR code
;LABEL add
;LINK 
;ADDF $P1 $P2 $T1
;STOREF $T1 $L1
;STOREF $L1 $T2
;STOREF $T2 $R
;RET
;LABEL multiply
;LINK 
;MULTF $P1 $P2 $T4
;STOREF $T4 $L1
;STOREF $L1 $T5
;STOREF $T5 $R
;RET
;LABEL main
;LINK 
;WRITES intro
;WRITES first
;READF $L1
;WRITES second
;READF $L2
;WRITES third
;READF $L3
;PUSH 
;PUSH $L1
;PUSH $L2
;JSR multiply
;POP 
;POP 
;POP $T7
;STOREF $T7 $L5
;PUSH 
;PUSH $L5
;PUSH $L3
;JSR add
;POP 
;POP 
;POP $T8
;STOREF $T8 $L4
;WRITEF $L1
;WRITES star
;WRITEF $L2
;WRITES plus
;WRITEF $L3
;WRITES equal
;WRITEF $L4
;WRITES eol
;STOREI 0 $T9
;STOREI $T9 $T10
;STOREI $T10 $R
;RET
