;IR code
;LABEL factorial
;LINK 
;STOREI 1 $T1
;NEI $P1 $T1 label1
;STOREI 1 $T2
;STOREI $T2 $T3
;STOREI $T3 $R
;RET
;JUMP label2
;LABEL label1
;STOREI 1 $T4
;SUBI $P1 $T4 $T5
;PUSH 
;PUSH $T5
;JSR factorial
;POP 
;POP $T6
;STOREI $T6 $L2
;MULTI $L2 $P1 $T7
;STOREI $T7 $L1
;LABEL label2
;STOREI $L1 $T8
;STOREI $T8 $R
;RET
;LABEL main
;LINK 
;WRITES input
;READI $L1
;STOREI 1 $T10
;NEI $L1 $T10 label3
;STOREI 1 $T11
;STOREI $T11 $L2
;LABEL label3
;STOREI 1 $T12
;LEI $L1 $T12 label4
;PUSH 
;PUSH $L1
;JSR factorial
;POP 
;POP $T13
;STOREI $T13 $L2
;JUMP label5
;LABEL label4
;STOREI 0 $T14
;STOREI $T14 $L2
;LABEL label5
;WRITEI $L2
;WRITES eol
;STOREI 0 $T15
;STOREI $T15 $T16
;STOREI $T16 $R
;RET
;tiny code
str input "Please enter an integer number: "
str eol "\n"
push
jsr main
sys halt
label factorial 
link 2
move 1 r0
move r0 r1
cmpi $2 r1
jne label1
move 1 r2
move r2 r3
move r3 $3
unlnk
ret
jmp label2 
label label1 
move 1 r4
move $2 r5
subi r4 r5
push
push r5
jsr factorial
pop
pop r6
move r6 $-2
move $-2 r7
muli $2 r7
move r7 $-1
label label2 
move $-1 r8
move r8 $3
unlnk
ret
label main 
link 2
sys writes input
sys readi $-1
move 1 r9
move r9 r10
cmpi $-1 r10
jne label3
move 1 r11
move r11 $-2
label label3 
move 1 r12
move r12 r10
cmpi $-1 r10
jle label4
push
push $-1
jsr factorial
pop
pop r13
move r13 $-2
jmp label5 
label label4 
move 0 r14
move r14 $-2
label label5 
sys writei $-2
sys writes eol
move 0 r15
move r15 r16
move r16 $2
unlnk
ret
end
